<?xml version="1.0" encoding="UTF-8"?>
<coverage generated="1668634671998" clover="3.2.0">
  <project timestamp="1668634671998" name="All files">
    <metrics statements="17" coveredstatements="17" conditionals="2" coveredconditionals="2" methods="8" coveredmethods="8" elements="27" coveredelements="27" complexity="0" loc="17" ncloc="17" packages="1" files="2" classes="2"/>
    <file name="carrinho.js" path="C:\Users\PC GAMER\Desktop\Lina Open X\Estudos\Alura\Node-Testes\carrinho\carrinho.js">
      <metrics statements="13" coveredstatements="13" conditionals="2" coveredconditionals="2" methods="6" coveredmethods="6"/>
      <line num="3" count="6" type="stmt"/>
      <line num="4" count="6" type="stmt"/>
      <line num="5" count="6" type="stmt"/>
      <line num="6" count="6" type="stmt"/>
      <line num="10" count="4" type="stmt"/>
      <line num="14" count="2" type="stmt"/>
      <line num="18" count="1" type="stmt"/>
      <line num="19" count="2" type="stmt"/>
      <line num="22" count="1" type="stmt"/>
      <line num="26" count="2" type="cond" truecount="2" falsecount="0"/>
      <line num="27" count="1" type="stmt"/>
      <line num="30" count="1" type="stmt"/>
      <line num="32" count="1" type="stmt"/>
    </file>
    <file name="item.js" path="C:\Users\PC GAMER\Desktop\Lina Open X\Estudos\Alura\Node-Testes\carrinho\item.js">
      <metrics statements="4" coveredstatements="4" conditionals="0" coveredconditionals="0" methods="2" coveredmethods="2"/>
      <line num="3" count="6" type="stmt"/>
      <line num="4" count="6" type="stmt"/>
      <line num="5" count="6" type="stmt"/>
      <line num="9" count="3" type="stmt"/>
    </file>
  </project>
</coverage>
