<?xml version="1.0" encoding="UTF-8"?>
<coverage generated="1668565685226" clover="3.2.0">
  <project timestamp="1668565685226" name="All files">
    <metrics statements="20" coveredstatements="19" conditionals="0" coveredconditionals="0" methods="7" coveredmethods="7" elements="27" coveredelements="26" complexity="0" loc="20" ncloc="20" packages="1" files="1" classes="1"/>
    <file name="index.js" path="C:\Users\PC GAMER\Desktop\Lina Open X\Estudos\Alura\Node-Testes\index.js">
      <metrics statements="20" coveredstatements="19" conditionals="0" coveredconditionals="0" methods="7" coveredmethods="7"/>
      <line num="3" count="1" type="stmt"/>
      <line num="4" count="2" type="stmt"/>
      <line num="6" count="2" type="stmt"/>
      <line num="8" count="1" type="stmt"/>
      <line num="9" count="2" type="stmt"/>
      <line num="11" count="2" type="stmt"/>
      <line num="14" count="2" type="stmt"/>
      <line num="17" count="1" type="stmt"/>
      <line num="18" count="2" type="stmt"/>
      <line num="19" count="2" type="stmt"/>
      <line num="20" count="2" type="stmt"/>
      <line num="22" count="0" type="stmt"/>
      <line num="26" count="1" type="stmt"/>
      <line num="27" count="1" type="stmt"/>
      <line num="28" count="1" type="stmt"/>
      <line num="30" count="1" type="stmt"/>
      <line num="33" count="1" type="stmt"/>
      <line num="34" count="1" type="stmt"/>
      <line num="35" count="1" type="stmt"/>
      <line num="37" count="1" type="stmt"/>
    </file>
  </project>
</coverage>
