{"C:\\Users\\PC GAMER\\Desktop\\Lina Open X\\Estudos\\Alura\\Node-Testes\\index.js": {"path":"C:\\Users\\PC GAMER\\Desktop\\Lina Open X\\Estudos\\Alura\\Node-Testes\\index.js","statementMap":{"0":{"start":{"line":3,"column":31},"end":{"line":4,"column":28}},"1":{"start":{"line":4,"column":2},"end":{"line":4,"column":28}},"2":{"start":{"line":6,"column":32},"end":{"line":6,"column":75}},"3":{"start":{"line":6,"column":56},"end":{"line":6,"column":75}},"4":{"start":{"line":8,"column":20},"end":{"line":15,"column":1}},"5":{"start":{"line":9,"column":20},"end":{"line":13,"column":3}},"6":{"start":{"line":11,"column":6},"end":{"line":11,"column":42}},"7":{"start":{"line":14,"column":2},"end":{"line":14,"column":19}},"8":{"start":{"line":17,"column":14},"end":{"line":24,"column":1}},"9":{"start":{"line":18,"column":2},"end":{"line":23,"column":3}},"10":{"start":{"line":19,"column":4},"end":{"line":19,"column":20}},"11":{"start":{"line":20,"column":4},"end":{"line":20,"column":37}},"12":{"start":{"line":22,"column":4},"end":{"line":22,"column":45}},"13":{"start":{"line":26,"column":0},"end":{"line":31,"column":3}},"14":{"start":{"line":27,"column":19},"end":{"line":27,"column":23}},"15":{"start":{"line":28,"column":20},"end":{"line":28,"column":46}},"16":{"start":{"line":30,"column":2},"end":{"line":30,"column":54}},"17":{"start":{"line":33,"column":0},"end":{"line":38,"column":3}},"18":{"start":{"line":34,"column":19},"end":{"line":34,"column":23}},"19":{"start":{"line":35,"column":20},"end":{"line":35,"column":47}},"20":{"start":{"line":37,"column":2},"end":{"line":37,"column":54}}},"fnMap":{"0":{"name":"(anonymous_0)","decl":{"start":{"line":3,"column":31},"end":{"line":3,"column":32}},"loc":{"start":{"line":4,"column":2},"end":{"line":4,"column":28}},"line":4},"1":{"name":"(anonymous_1)","decl":{"start":{"line":6,"column":32},"end":{"line":6,"column":33}},"loc":{"start":{"line":6,"column":56},"end":{"line":6,"column":75}},"line":6},"2":{"name":"(anonymous_2)","decl":{"start":{"line":8,"column":20},"end":{"line":8,"column":21}},"loc":{"start":{"line":8,"column":31},"end":{"line":15,"column":1}},"line":8},"3":{"name":"(anonymous_3)","decl":{"start":{"line":10,"column":4},"end":{"line":10,"column":5}},"loc":{"start":{"line":10,"column":33},"end":{"line":12,"column":5}},"line":10},"4":{"name":"(anonymous_4)","decl":{"start":{"line":17,"column":14},"end":{"line":17,"column":15}},"loc":{"start":{"line":17,"column":41},"end":{"line":24,"column":1}},"line":17},"5":{"name":"(anonymous_5)","decl":{"start":{"line":26,"column":25},"end":{"line":26,"column":26}},"loc":{"start":{"line":26,"column":31},"end":{"line":31,"column":1}},"line":26},"6":{"name":"(anonymous_6)","decl":{"start":{"line":33,"column":25},"end":{"line":33,"column":26}},"loc":{"start":{"line":33,"column":31},"end":{"line":38,"column":1}},"line":33}},"branchMap":{},"s":{"0":1,"1":2,"2":1,"3":2,"4":1,"5":2,"6":2,"7":2,"8":1,"9":2,"10":2,"11":2,"12":0,"13":1,"14":1,"15":1,"16":1,"17":1,"18":1,"19":1,"20":1},"f":{"0":2,"1":2,"2":2,"3":2,"4":2,"5":1,"6":1},"b":{},"_coverageSchema":"1a1c01bbd47fc00a2c39e90264f33305004495a9","hash":"91112a5d0803293047be6e62b44363db69d078f8"}
}
